#-----------------------------------------------------------
# Webtalk v2015.4 (64-bit)
# SW Build 1412921 on Wed Nov 18 09:43:45 MST 2015
# 
# Start of session at: Sat Apr 02 15:39:10 2016
# Process ID: 3692
# Current directory: F:/Proiecte_si_concursuri/WWS/WWS/ZYBO/zybo_vivado_proj/zybo_vivado_proj.sdk/webtalk
# Command line: wbtcv.exe -mode batch -source sdk_webtalk.tcl
# Log file: F:/Proiecte_si_concursuri/WWS/WWS/ZYBO/zybo_vivado_proj/zybo_vivado_proj.sdk/webtalk/webtalk.log
# Journal file: F:/Proiecte_si_concursuri/WWS/WWS/ZYBO/zybo_vivado_proj/zybo_vivado_proj.sdk/webtalk\webtalk.jou
#-----------------------------------------------------------
source sdk_webtalk.tcl
# webtalk_init -webtalk_dir F:\\Proiecte_si_concursuri\\WWS\\WWS\\ZYBO\\zybo_vivado_proj\\zybo_vivado_proj.sdk\\webtalk
# webtalk_register_client -client project
# webtalk_add_data -client project -key date_generated -value "S Apr 2 15:39:09 2016" -context "software_version_and_target_device"
# webtalk_add_data -client project -key product_version -value "SDK v2015.4" -context "software_version_and_target_device"
# webtalk_add_data -client project -key build_version -value "2015.4" -context "software_version_and_target_device"
# webtalk_add_data -client project -key os_platform -value "amd64" -context "software_version_and_target_device"
# webtalk_add_data -client project -key registration_id -value "" -context "software_version_and_target_device"
# webtalk_add_data -client project -key tool_flow -value "SDK" -context "software_version_and_target_device"
# webtalk_add_data -client project -key beta -value "false" -context "software_version_and_target_device"
# webtalk_add_data -client project -key route_design -value "NA" -context "software_version_and_target_device"
# webtalk_add_data -client project -key target_family -value "NA" -context "software_version_and_target_device"
# webtalk_add_data -client project -key target_device -value "NA" -context "software_version_and_target_device"
# webtalk_add_data -client project -key target_package -value "NA" -context "software_version_and_target_device"
# webtalk_add_data -client project -key target_speed -value "NA" -context "software_version_and_target_device"
# webtalk_add_data -client project -key random_id -value "n13h8p2m11an0phfaesjuvv1o5" -context "software_version_and_target_device"
# webtalk_add_data -client project -key project_id -value "2015.4_15" -context "software_version_and_target_device"
# webtalk_add_data -client project -key project_iteration -value "15" -context "software_version_and_target_device"
# webtalk_add_data -client project -key os_name -value "" -context "user_environment"
# webtalk_add_data -client project -key os_release -value "" -context "user_environment"
# webtalk_add_data -client project -key cpu_name -value "" -context "user_environment"
# webtalk_add_data -client project -key cpu_speed -value "" -context "user_environment"
# webtalk_add_data -client project -key total_processors -value "" -context "user_environment"
# webtalk_add_data -client project -key system_ram -value "" -context "user_environment"
# webtalk_register_client -client sdk
# webtalk_add_data -client sdk -key uid -value "1459543011534" -context "sdk\\\\bsp/1459543011534"
# webtalk_add_data -client sdk -key hwid -value "1455921393984" -context "sdk\\\\bsp/1459543011534"
# webtalk_add_data -client sdk -key os -value "standalone" -context "sdk\\\\bsp/1459543011534"
# webtalk_add_data -client sdk -key apptemplate -value "zynq_fsbl" -context "sdk\\\\bsp/1459543011534"
# webtalk_add_data -client sdk -key uid -value "1459543029826" -context "sdk\\\\application/1459543029826"
# webtalk_add_data -client sdk -key hwid -value "1455921393984" -context "sdk\\\\application/1459543029826"
# webtalk_add_data -client sdk -key bspid -value "1459543011534" -context "sdk\\\\application/1459543029826"
# webtalk_add_data -client sdk -key newbsp -value "true" -context "sdk\\\\application/1459543029826"
# webtalk_add_data -client sdk -key os -value "standalone" -context "sdk\\\\application/1459543029826"
# webtalk_add_data -client sdk -key apptemplate -value "zynq_fsbl" -context "sdk\\\\application/1459543029826"
# webtalk_transmit -clientid 3143090830 -regid "" -xml F:\\Proiecte_si_concursuri\\WWS\\WWS\\ZYBO\\zybo_vivado_proj\\zybo_vivado_proj.sdk\\webtalk\\usage_statistics_ext_sdk.xml -html F:\\Proiecte_si_concursuri\\WWS\\WWS\\ZYBO\\zybo_vivado_proj\\zybo_vivado_proj.sdk\\webtalk\\usage_statistics_ext_sdk.html -wdm F:\\Proiecte_si_concursuri\\WWS\\WWS\\ZYBO\\zybo_vivado_proj\\zybo_vivado_proj.sdk\\webtalk\\sdk_webtalk.wdm -intro "<H3>SDK Usage Report</H3><BR>"

    while executing
"webtalk_transmit -clientid 3143090830 -regid "" -xml F:\\Proiecte_si_concursuri\\WWS\\WWS\\ZYBO\\zybo_vivado_proj\\zybo_vivado_proj.sdk\\webtalk\\usag..."
    (file "sdk_webtalk.tcl" line 35)
INFO: [Common 17-206] Exiting Webtalk at Sat Apr 02 15:39:12 2016...
