#-----------------------------------------------------------
# Webtalk v2015.4 (64-bit)
# SW Build 1412921 on Wed Nov 18 09:43:45 MST 2015
# 
# Start of session at: Sat Feb 20 01:57:53 2016
# Process ID: 8440
# Current directory: F:/Proiecte_si_concursuri/WWS/WWS/ZYBO/zybo_vivado_proj/zybo_vivado_proj.sdk/webtalk
# Command line: wbtcv.exe -mode batch -source sdk_webtalk.tcl
# Log file: F:/Proiecte_si_concursuri/WWS/WWS/ZYBO/zybo_vivado_proj/zybo_vivado_proj.sdk/webtalk/webtalk.log
# Journal file: F:/Proiecte_si_concursuri/WWS/WWS/ZYBO/zybo_vivado_proj/zybo_vivado_proj.sdk/webtalk\webtalk.jou
#-----------------------------------------------------------
source sdk_webtalk.tcl
# webtalk_init -webtalk_dir F:\\Proiecte_si_concursuri\\WWS\\WWS\\ZYBO\\zybo_vivado_proj\\zybo_vivado_proj.sdk\\webtalk
# webtalk_register_client -client project
# webtalk_add_data -client project -key date_generated -value "S Feb 20 01:57:49 2016" -context "software_version_and_target_device"
# webtalk_add_data -client project -key product_version -value "SDK v2015.4" -context "software_version_and_target_device"
# webtalk_add_data -client project -key build_version -value "2015.4" -context "software_version_and_target_device"
# webtalk_add_data -client project -key os_platform -value "amd64" -context "software_version_and_target_device"
# webtalk_add_data -client project -key registration_id -value "" -context "software_version_and_target_device"
# webtalk_add_data -client project -key tool_flow -value "SDK" -context "software_version_and_target_device"
# webtalk_add_data -client project -key beta -value "false" -context "software_version_and_target_device"
# webtalk_add_data -client project -key route_design -value "NA" -context "software_version_and_target_device"
# webtalk_add_data -client project -key target_family -value "NA" -context "software_version_and_target_device"
# webtalk_add_data -client project -key target_device -value "NA" -context "software_version_and_target_device"
# webtalk_add_data -client project -key target_package -value "NA" -context "software_version_and_target_device"
# webtalk_add_data -client project -key target_speed -value "NA" -context "software_version_and_target_device"
# webtalk_add_data -client project -key random_id -value "cnm3rdr3ic17p0hm4jfospga5l" -context "software_version_and_target_device"
# webtalk_add_data -client project -key project_id -value "2015.4_5" -context "software_version_and_target_device"
# webtalk_add_data -client project -key project_iteration -value "5" -context "software_version_and_target_device"
# webtalk_add_data -client project -key os_name -value "" -context "user_environment"
# webtalk_add_data -client project -key os_release -value "" -context "user_environment"
# webtalk_add_data -client project -key cpu_name -value "" -context "user_environment"
# webtalk_add_data -client project -key cpu_speed -value "" -context "user_environment"
# webtalk_add_data -client project -key total_processors -value "" -context "user_environment"
# webtalk_add_data -client project -key system_ram -value "" -context "user_environment"
# webtalk_register_client -client sdk
# webtalk_add_data -client sdk -key uid -value "1455921393984" -context "sdk\\\\hardware/1455921393984"
# webtalk_add_data -client sdk -key isZynq -value "true" -context "sdk\\\\hardware/1455921393984"
# webtalk_add_data -client sdk -key Processors -value "2" -context "sdk\\\\hardware/1455921393984"
# webtalk_add_data -client sdk -key VivadoVersion -value "2015.4" -context "sdk\\\\hardware/1455921393984"
# webtalk_add_data -client sdk -key Arch -value "zynq" -context "sdk\\\\hardware/1455921393984"
# webtalk_add_data -client sdk -key Device -value "7z010" -context "sdk\\\\hardware/1455921393984"
# webtalk_add_data -client sdk -key IsHandoff -value "true" -context "sdk\\\\hardware/1455921393984"
# webtalk_add_data -client sdk -key uid -value "1455921438692" -context "sdk\\\\bsp/1455921438692"
# webtalk_add_data -client sdk -key hwid -value "1455921393984" -context "sdk\\\\bsp/1455921438692"
# webtalk_add_data -client sdk -key os -value "standalone" -context "sdk\\\\bsp/1455921438692"
# webtalk_add_data -client sdk -key apptemplate -value "null" -context "sdk\\\\bsp/1455921438692"
# webtalk_transmit -clientid 668228543 -regid "" -xml F:\\Proiecte_si_concursuri\\WWS\\WWS\\ZYBO\\zybo_vivado_proj\\zybo_vivado_proj.sdk\\webtalk\\usage_statistics_ext_sdk.xml -html F:\\Proiecte_si_concursuri\\WWS\\WWS\\ZYBO\\zybo_vivado_proj\\zybo_vivado_proj.sdk\\webtalk\\usage_statistics_ext_sdk.html -wdm F:\\Proiecte_si_concursuri\\WWS\\WWS\\ZYBO\\zybo_vivado_proj\\zybo_vivado_proj.sdk\\webtalk\\sdk_webtalk.wdm -intro "<H3>SDK Usage Report</H3><BR>"

    while executing
"webtalk_transmit -clientid 668228543 -regid "" -xml F:\\Proiecte_si_concursuri\\WWS\\WWS\\ZYBO\\zybo_vivado_proj\\zybo_vivado_proj.sdk\\webtalk\\usage..."
    (file "sdk_webtalk.tcl" line 36)
INFO: [Common 17-206] Exiting Webtalk at Sat Feb 20 01:57:55 2016...
