#-----------------------------------------------------------
# Webtalk v2015.4 (64-bit)
# SW Build 1412921 on Wed Nov 18 09:43:45 MST 2015
# 
# Start of session at: Thu Mar 03 00:38:48 2016
# Process ID: 8012
# Current directory: F:/Proiecte_si_concursuri/WWS/WWS/ZYBO/zybo_vivado_proj/zybo_vivado_proj.sdk/webtalk
# Command line: wbtcv.exe -mode batch -source sdk_webtalk.tcl
# Log file: F:/Proiecte_si_concursuri/WWS/WWS/ZYBO/zybo_vivado_proj/zybo_vivado_proj.sdk/webtalk/webtalk.log
# Journal file: F:/Proiecte_si_concursuri/WWS/WWS/ZYBO/zybo_vivado_proj/zybo_vivado_proj.sdk/webtalk\webtalk.jou
#-----------------------------------------------------------
source sdk_webtalk.tcl
# webtalk_init -webtalk_dir F:\\Proiecte_si_concursuri\\WWS\\WWS\\ZYBO\\zybo_vivado_proj\\zybo_vivado_proj.sdk\\webtalk
# webtalk_register_client -client project
# webtalk_add_data -client project -key date_generated -value "J Mar 3 00:38:46 2016" -context "software_version_and_target_device"
# webtalk_add_data -client project -key product_version -value "SDK v2015.4" -context "software_version_and_target_device"
# webtalk_add_data -client project -key build_version -value "2015.4" -context "software_version_and_target_device"
# webtalk_add_data -client project -key os_platform -value "amd64" -context "software_version_and_target_device"
# webtalk_add_data -client project -key registration_id -value "" -context "software_version_and_target_device"
# webtalk_add_data -client project -key tool_flow -value "SDK" -context "software_version_and_target_device"
# webtalk_add_data -client project -key beta -value "false" -context "software_version_and_target_device"
# webtalk_add_data -client project -key route_design -value "NA" -context "software_version_and_target_device"
# webtalk_add_data -client project -key target_family -value "NA" -context "software_version_and_target_device"
# webtalk_add_data -client project -key target_device -value "NA" -context "software_version_and_target_device"
# webtalk_add_data -client project -key target_package -value "NA" -context "software_version_and_target_device"
# webtalk_add_data -client project -key target_speed -value "NA" -context "software_version_and_target_device"
# webtalk_add_data -client project -key random_id -value "68euvib9tro0quqi9sjr3ptd19" -context "software_version_and_target_device"
# webtalk_add_data -client project -key project_id -value "2015.4_10" -context "software_version_and_target_device"
# webtalk_add_data -client project -key project_iteration -value "10" -context "software_version_and_target_device"
# webtalk_add_data -client project -key os_name -value "" -context "user_environment"
# webtalk_add_data -client project -key os_release -value "" -context "user_environment"
# webtalk_add_data -client project -key cpu_name -value "" -context "user_environment"
# webtalk_add_data -client project -key cpu_speed -value "" -context "user_environment"
# webtalk_add_data -client project -key total_processors -value "" -context "user_environment"
# webtalk_add_data -client project -key system_ram -value "" -context "user_environment"
# webtalk_register_client -client sdk
# webtalk_add_data -client sdk -key uid -value "1456956664067" -context "sdk\\\\bsp/1456956664067"
# webtalk_add_data -client sdk -key hwid -value "1455921393984" -context "sdk\\\\bsp/1456956664067"
# webtalk_add_data -client sdk -key os -value "standalone" -context "sdk\\\\bsp/1456956664067"
# webtalk_add_data -client sdk -key apptemplate -value "empty_application" -context "sdk\\\\bsp/1456956664067"
# webtalk_add_data -client sdk -key uid -value "1456956682157" -context "sdk\\\\application/1456956682157"
# webtalk_add_data -client sdk -key hwid -value "1455921393984" -context "sdk\\\\application/1456956682157"
# webtalk_add_data -client sdk -key bspid -value "1456956664067" -context "sdk\\\\application/1456956682157"
# webtalk_add_data -client sdk -key newbsp -value "true" -context "sdk\\\\application/1456956682157"
# webtalk_add_data -client sdk -key os -value "standalone" -context "sdk\\\\application/1456956682157"
# webtalk_add_data -client sdk -key apptemplate -value "empty_application" -context "sdk\\\\application/1456956682157"
# webtalk_add_data -client sdk -key uid -value "1456957800543" -context "sdk\\\\bsp/1456957800543"
# webtalk_add_data -client sdk -key hwid -value "1455921393984" -context "sdk\\\\bsp/1456957800543"
# webtalk_add_data -client sdk -key os -value "standalone" -context "sdk\\\\bsp/1456957800543"
# webtalk_add_data -client sdk -key apptemplate -value "zynq_fsbl" -context "sdk\\\\bsp/1456957800543"
# webtalk_add_data -client sdk -key uid -value "1456957820906" -context "sdk\\\\application/1456957820906"
# webtalk_add_data -client sdk -key hwid -value "1455921393984" -context "sdk\\\\application/1456957820906"
# webtalk_add_data -client sdk -key bspid -value "1456957800543" -context "sdk\\\\application/1456957820906"
# webtalk_add_data -client sdk -key newbsp -value "true" -context "sdk\\\\application/1456957820906"
# webtalk_add_data -client sdk -key os -value "standalone" -context "sdk\\\\application/1456957820906"
# webtalk_add_data -client sdk -key apptemplate -value "zynq_fsbl" -context "sdk\\\\application/1456957820906"
# webtalk_transmit -clientid 1195706123 -regid "" -xml F:\\Proiecte_si_concursuri\\WWS\\WWS\\ZYBO\\zybo_vivado_proj\\zybo_vivado_proj.sdk\\webtalk\\usage_statistics_ext_sdk.xml -html F:\\Proiecte_si_concursuri\\WWS\\WWS\\ZYBO\\zybo_vivado_proj\\zybo_vivado_proj.sdk\\webtalk\\usage_statistics_ext_sdk.html -wdm F:\\Proiecte_si_concursuri\\WWS\\WWS\\ZYBO\\zybo_vivado_proj\\zybo_vivado_proj.sdk\\webtalk\\sdk_webtalk.wdm -intro "<H3>SDK Usage Report</H3><BR>"

    while executing
"webtalk_transmit -clientid 1195706123 -regid "" -xml F:\\Proiecte_si_concursuri\\WWS\\WWS\\ZYBO\\zybo_vivado_proj\\zybo_vivado_proj.sdk\\webtalk\\usag..."
    (file "sdk_webtalk.tcl" line 45)
INFO: [Common 17-206] Exiting Webtalk at Thu Mar 03 00:38:53 2016...
