17:29:30 **** Auto Build of configuration Debug for project zybo_app ****
make all 
'Building file: ../src/helloworld.c'
'Invoking: ARM gcc compiler'
arm-xilinx-eabi-gcc -Wall -O0 -g3 -I../../standalone_bsp_0/ps7_cortexa9_0/include -I../Inc -c -fmessage-length=0 -MT"src/helloworld.o" -MMD -MP -MF"src/helloworld.d" -MT"src/helloworld.d" -o "src/helloworld.o" "../src/helloworld.c"
../src/helloworld.c: In function 'SpiPolledExample':
../src/helloworld.c:233:6: warning: variable 'slaveReg' set but not used [-Wunused-but-set-variable]
  u32 slaveReg = XSpi_GetSlaveSelectReg(SpiInstancePtr);
      ^
'Finished building: ../src/helloworld.c'
' '
'Building file: ../src/platform.c'
'Invoking: ARM gcc compiler'
arm-xilinx-eabi-gcc -Wall -O0 -g3 -I../../standalone_bsp_0/ps7_cortexa9_0/include -I../Inc -c -fmessage-length=0 -MT"src/platform.o" -MMD -MP -MF"src/platform.d" -MT"src/platform.d" -o "src/platform.o" "../src/platform.c"
../src/platform.c:36:29: fatal error: platform_config.h: No such file or directory
 #include "platform_config.h"
                             ^
compilation terminated.
make: *** [src/platform.o] Error 1

17:29:31 Build Finished (took 602ms)

