
*** Running vivado
    with args -log design_hw_wrapper.vdi -applog -m64 -messageDb vivado.pb -mode batch -source design_hw_wrapper.tcl -notrace


****** Vivado v2015.4 (64-bit)
  **** SW Build 1412921 on Wed Nov 18 09:43:45 MST 2015
  **** IP Build 1412160 on Tue Nov 17 13:47:24 MST 2015
    ** Copyright 1986-2015 Xilinx, Inc. All Rights Reserved.

source design_hw_wrapper.tcl -notrace
WARNING: [Board 49-26] cannot add Board Part digilentinc.com:genesys2:part0:1.1 available at C:/Xilinx/Vivado/2015.4/data/boards/board_files/genesys2/H/board.xml as part xc7k325tffg900-2 specified in board_part file is either invalid or not available
Design is defaulting to srcset: sources_1
Design is defaulting to constrset: constrs_1
INFO: [Netlist 29-17] Analyzing 41 Unisim elements for replacement
INFO: [Netlist 29-28] Unisim Transformation completed in 0 CPU seconds
INFO: [Project 1-479] Netlist was created with Vivado 2015.4
INFO: [Device 21-403] Loading part xc7z010clg400-1
INFO: [Project 1-570] Preparing netlist for logic optimization
Parsing XDC File [f:/Proiecte_si_concursuri/WWS/WWS/ZYBO/zybo_vivado_proj/zybo_vivado_proj.srcs/sources_1/bd/design_hw/ip/design_hw_processing_system7_0_0/design_hw_processing_system7_0_0.xdc] for cell 'design_hw_i/processing_system7_0/inst'
Finished Parsing XDC File [f:/Proiecte_si_concursuri/WWS/WWS/ZYBO/zybo_vivado_proj/zybo_vivado_proj.srcs/sources_1/bd/design_hw/ip/design_hw_processing_system7_0_0/design_hw_processing_system7_0_0.xdc] for cell 'design_hw_i/processing_system7_0/inst'
Parsing XDC File [f:/Proiecte_si_concursuri/WWS/WWS/ZYBO/zybo_vivado_proj/zybo_vivado_proj.srcs/sources_1/bd/design_hw/ip/design_hw_axi_quad_spi_0_0/design_hw_axi_quad_spi_0_0_board.xdc] for cell 'design_hw_i/axi_quad_spi_0/U0'
Finished Parsing XDC File [f:/Proiecte_si_concursuri/WWS/WWS/ZYBO/zybo_vivado_proj/zybo_vivado_proj.srcs/sources_1/bd/design_hw/ip/design_hw_axi_quad_spi_0_0/design_hw_axi_quad_spi_0_0_board.xdc] for cell 'design_hw_i/axi_quad_spi_0/U0'
Parsing XDC File [f:/Proiecte_si_concursuri/WWS/WWS/ZYBO/zybo_vivado_proj/zybo_vivado_proj.srcs/sources_1/bd/design_hw/ip/design_hw_axi_quad_spi_0_0/design_hw_axi_quad_spi_0_0.xdc] for cell 'design_hw_i/axi_quad_spi_0/U0'
Finished Parsing XDC File [f:/Proiecte_si_concursuri/WWS/WWS/ZYBO/zybo_vivado_proj/zybo_vivado_proj.srcs/sources_1/bd/design_hw/ip/design_hw_axi_quad_spi_0_0/design_hw_axi_quad_spi_0_0.xdc] for cell 'design_hw_i/axi_quad_spi_0/U0'
Parsing XDC File [f:/Proiecte_si_concursuri/WWS/WWS/ZYBO/zybo_vivado_proj/zybo_vivado_proj.srcs/sources_1/bd/design_hw/ip/design_hw_axi_gpio_0_0/design_hw_axi_gpio_0_0_board.xdc] for cell 'design_hw_i/axi_gpio_0/U0'
Finished Parsing XDC File [f:/Proiecte_si_concursuri/WWS/WWS/ZYBO/zybo_vivado_proj/zybo_vivado_proj.srcs/sources_1/bd/design_hw/ip/design_hw_axi_gpio_0_0/design_hw_axi_gpio_0_0_board.xdc] for cell 'design_hw_i/axi_gpio_0/U0'
Parsing XDC File [f:/Proiecte_si_concursuri/WWS/WWS/ZYBO/zybo_vivado_proj/zybo_vivado_proj.srcs/sources_1/bd/design_hw/ip/design_hw_axi_gpio_0_0/design_hw_axi_gpio_0_0.xdc] for cell 'design_hw_i/axi_gpio_0/U0'
Finished Parsing XDC File [f:/Proiecte_si_concursuri/WWS/WWS/ZYBO/zybo_vivado_proj/zybo_vivado_proj.srcs/sources_1/bd/design_hw/ip/design_hw_axi_gpio_0_0/design_hw_axi_gpio_0_0.xdc] for cell 'design_hw_i/axi_gpio_0/U0'
Parsing XDC File [f:/Proiecte_si_concursuri/WWS/WWS/ZYBO/zybo_vivado_proj/zybo_vivado_proj.srcs/sources_1/bd/design_hw/ip/design_hw_rst_processing_system7_0_100M_0/design_hw_rst_processing_system7_0_100M_0_board.xdc] for cell 'design_hw_i/rst_processing_system7_0_100M'
Finished Parsing XDC File [f:/Proiecte_si_concursuri/WWS/WWS/ZYBO/zybo_vivado_proj/zybo_vivado_proj.srcs/sources_1/bd/design_hw/ip/design_hw_rst_processing_system7_0_100M_0/design_hw_rst_processing_system7_0_100M_0_board.xdc] for cell 'design_hw_i/rst_processing_system7_0_100M'
Parsing XDC File [f:/Proiecte_si_concursuri/WWS/WWS/ZYBO/zybo_vivado_proj/zybo_vivado_proj.srcs/sources_1/bd/design_hw/ip/design_hw_rst_processing_system7_0_100M_0/design_hw_rst_processing_system7_0_100M_0.xdc] for cell 'design_hw_i/rst_processing_system7_0_100M'
Finished Parsing XDC File [f:/Proiecte_si_concursuri/WWS/WWS/ZYBO/zybo_vivado_proj/zybo_vivado_proj.srcs/sources_1/bd/design_hw/ip/design_hw_rst_processing_system7_0_100M_0/design_hw_rst_processing_system7_0_100M_0.xdc] for cell 'design_hw_i/rst_processing_system7_0_100M'
Parsing XDC File [f:/Proiecte_si_concursuri/WWS/WWS/ZYBO/zybo_vivado_proj/zybo_vivado_proj.srcs/sources_1/bd/design_hw/ip/design_hw_axi_quad_spi_1_0/design_hw_axi_quad_spi_1_0_board.xdc] for cell 'design_hw_i/axi_quad_spi_1/U0'
Finished Parsing XDC File [f:/Proiecte_si_concursuri/WWS/WWS/ZYBO/zybo_vivado_proj/zybo_vivado_proj.srcs/sources_1/bd/design_hw/ip/design_hw_axi_quad_spi_1_0/design_hw_axi_quad_spi_1_0_board.xdc] for cell 'design_hw_i/axi_quad_spi_1/U0'
Parsing XDC File [f:/Proiecte_si_concursuri/WWS/WWS/ZYBO/zybo_vivado_proj/zybo_vivado_proj.srcs/sources_1/bd/design_hw/ip/design_hw_axi_quad_spi_1_0/design_hw_axi_quad_spi_1_0.xdc] for cell 'design_hw_i/axi_quad_spi_1/U0'
Finished Parsing XDC File [f:/Proiecte_si_concursuri/WWS/WWS/ZYBO/zybo_vivado_proj/zybo_vivado_proj.srcs/sources_1/bd/design_hw/ip/design_hw_axi_quad_spi_1_0/design_hw_axi_quad_spi_1_0.xdc] for cell 'design_hw_i/axi_quad_spi_1/U0'
Parsing XDC File [f:/Proiecte_si_concursuri/WWS/WWS/ZYBO/zybo_vivado_proj/zybo_vivado_proj.srcs/sources_1/bd/design_hw/ip/design_hw_axi_gpio_1_0/design_hw_axi_gpio_1_0_board.xdc] for cell 'design_hw_i/axi_gpio_1/U0'
Finished Parsing XDC File [f:/Proiecte_si_concursuri/WWS/WWS/ZYBO/zybo_vivado_proj/zybo_vivado_proj.srcs/sources_1/bd/design_hw/ip/design_hw_axi_gpio_1_0/design_hw_axi_gpio_1_0_board.xdc] for cell 'design_hw_i/axi_gpio_1/U0'
Parsing XDC File [f:/Proiecte_si_concursuri/WWS/WWS/ZYBO/zybo_vivado_proj/zybo_vivado_proj.srcs/sources_1/bd/design_hw/ip/design_hw_axi_gpio_1_0/design_hw_axi_gpio_1_0.xdc] for cell 'design_hw_i/axi_gpio_1/U0'
Finished Parsing XDC File [f:/Proiecte_si_concursuri/WWS/WWS/ZYBO/zybo_vivado_proj/zybo_vivado_proj.srcs/sources_1/bd/design_hw/ip/design_hw_axi_gpio_1_0/design_hw_axi_gpio_1_0.xdc] for cell 'design_hw_i/axi_gpio_1/U0'
Parsing XDC File [F:/Proiecte_si_concursuri/WWS/zybo/exercise_1/exercise_1.srcs/constrs_1/new/my_constraints.xdc]
Finished Parsing XDC File [F:/Proiecte_si_concursuri/WWS/zybo/exercise_1/exercise_1.srcs/constrs_1/new/my_constraints.xdc]
Parsing XDC File [f:/Proiecte_si_concursuri/WWS/WWS/ZYBO/zybo_vivado_proj/zybo_vivado_proj.srcs/sources_1/bd/design_hw/ip/design_hw_axi_quad_spi_0_0/design_hw_axi_quad_spi_0_0_clocks.xdc] for cell 'design_hw_i/axi_quad_spi_0/U0'
INFO: [Timing 38-35] Done setting XDC timing constraints. [f:/Proiecte_si_concursuri/WWS/WWS/ZYBO/zybo_vivado_proj/zybo_vivado_proj.srcs/sources_1/bd/design_hw/ip/design_hw_axi_quad_spi_0_0/design_hw_axi_quad_spi_0_0_clocks.xdc:47]
get_clocks: Time (s): cpu = 00:00:22 ; elapsed = 00:00:23 . Memory (MB): peak = 926.945 ; gain = 466.402
Finished Parsing XDC File [f:/Proiecte_si_concursuri/WWS/WWS/ZYBO/zybo_vivado_proj/zybo_vivado_proj.srcs/sources_1/bd/design_hw/ip/design_hw_axi_quad_spi_0_0/design_hw_axi_quad_spi_0_0_clocks.xdc] for cell 'design_hw_i/axi_quad_spi_0/U0'
Parsing XDC File [f:/Proiecte_si_concursuri/WWS/WWS/ZYBO/zybo_vivado_proj/zybo_vivado_proj.srcs/sources_1/bd/design_hw/ip/design_hw_axi_quad_spi_1_0/design_hw_axi_quad_spi_1_0_clocks.xdc] for cell 'design_hw_i/axi_quad_spi_1/U0'
Finished Parsing XDC File [f:/Proiecte_si_concursuri/WWS/WWS/ZYBO/zybo_vivado_proj/zybo_vivado_proj.srcs/sources_1/bd/design_hw/ip/design_hw_axi_quad_spi_1_0/design_hw_axi_quad_spi_1_0_clocks.xdc] for cell 'design_hw_i/axi_quad_spi_1/U0'
INFO: [Opt 31-138] Pushed 0 inverter(s) to 0 load pin(s).
INFO: [Project 1-111] Unisim Transformation Summary:
  A total of 23 instances were transformed.
  IOBUF => IOBUF (IBUF, OBUFT): 15 instances
  RAM32M => RAM32M (RAMD32, RAMD32, RAMD32, RAMD32, RAMD32, RAMD32, RAMS32, RAMS32): 8 instances

link_design: Time (s): cpu = 00:00:36 ; elapsed = 00:00:38 . Memory (MB): peak = 926.945 ; gain = 730.859
Command: opt_design
Attempting to get a license for feature 'Implementation' and/or device 'xc7z010'
INFO: [Common 17-349] Got license for feature 'Implementation' and/or device 'xc7z010'
Running DRC as a precondition to command opt_design

Starting DRC Task
INFO: [DRC 23-27] Running DRC with 2 threads
INFO: [Project 1-461] DRC finished with 0 Errors
INFO: [Project 1-462] Please refer to the DRC report (report_drc) for more information.

Time (s): cpu = 00:00:00 ; elapsed = 00:00:00.265 . Memory (MB): peak = 926.945 ; gain = 0.000
INFO: [Timing 38-35] Done setting XDC timing constraints.

Starting Logic Optimization Task
Implement Debug Cores | Checksum: 19a04e8e6

Phase 1 Retarget
INFO: [Opt 31-138] Pushed 0 inverter(s) to 0 load pin(s).
INFO: [Opt 31-49] Retargeted 0 cell(s).
Phase 1 Retarget | Checksum: 8b749453

Time (s): cpu = 00:00:00 ; elapsed = 00:00:00.641 . Memory (MB): peak = 926.945 ; gain = 0.000

Phase 2 Constant Propagation
INFO: [Opt 31-138] Pushed 0 inverter(s) to 0 load pin(s).
INFO: [Opt 31-10] Eliminated 188 cells.
Phase 2 Constant Propagation | Checksum: 1695a5580

Time (s): cpu = 00:00:02 ; elapsed = 00:00:02 . Memory (MB): peak = 926.945 ; gain = 0.000

Phase 3 Sweep
INFO: [Opt 31-12] Eliminated 400 unconnected nets.
INFO: [Opt 31-11] Eliminated 289 unconnected cells.
Phase 3 Sweep | Checksum: 13b483d4b

Time (s): cpu = 00:00:03 ; elapsed = 00:00:03 . Memory (MB): peak = 926.945 ; gain = 0.000

Starting Connectivity Check Task

Time (s): cpu = 00:00:00 ; elapsed = 00:00:00.018 . Memory (MB): peak = 926.945 ; gain = 0.000
Ending Logic Optimization Task | Checksum: 13b483d4b

Time (s): cpu = 00:00:03 ; elapsed = 00:00:04 . Memory (MB): peak = 926.945 ; gain = 0.000

Starting Power Optimization Task
INFO: [Pwropt 34-132] Skipping clock gating for clocks with a period < 2.00 ns.
Ending Power Optimization Task | Checksum: 13b483d4b

Time (s): cpu = 00:00:00 ; elapsed = 00:00:00.068 . Memory (MB): peak = 926.945 ; gain = 0.000
INFO: [Common 17-83] Releasing license: Implementation
21 Infos, 1 Warnings, 0 Critical Warnings and 0 Errors encountered.
opt_design completed successfully
Writing placer database...
Writing XDEF routing.
Writing XDEF routing logical nets.
Writing XDEF routing special nets.
Write XDEF Complete: Time (s): cpu = 00:00:01 ; elapsed = 00:00:00.284 . Memory (MB): peak = 926.945 ; gain = 0.000
INFO: [DRC 23-27] Running DRC with 2 threads
INFO: [Coretcl 2-168] The results of DRC are in file F:/Proiecte_si_concursuri/WWS/WWS/ZYBO/zybo_vivado_proj/zybo_vivado_proj.runs/impl_1/design_hw_wrapper_drc_opted.rpt.
Command: place_design
Attempting to get a license for feature 'Implementation' and/or device 'xc7z010'
INFO: [Common 17-349] Got license for feature 'Implementation' and/or device 'xc7z010'
INFO: [DRC 23-27] Running DRC with 2 threads
INFO: [Vivado_Tcl 4-198] DRC finished with 0 Errors
INFO: [Vivado_Tcl 4-199] Please refer to the DRC report (report_drc) for more information.
Running DRC as a precondition to command place_design
INFO: [DRC 23-27] Running DRC with 2 threads
INFO: [Vivado_Tcl 4-198] DRC finished with 0 Errors
INFO: [Vivado_Tcl 4-199] Please refer to the DRC report (report_drc) for more information.

Starting Placer Task
INFO: [Place 30-611] Multithreading enabled for place_design using a maximum of 2 CPUs

Phase 1 Placer Initialization
Netlist sorting complete. Time (s): cpu = 00:00:00 ; elapsed = 00:00:00.016 . Memory (MB): peak = 926.945 ; gain = 0.000
Netlist sorting complete. Time (s): cpu = 00:00:00 ; elapsed = 00:00:00.011 . Memory (MB): peak = 926.945 ; gain = 0.000

Phase 1.1 IO Placement/ Clock Placement/ Build Placer Device

Phase 1.1.1 Pre-Place Cells
Phase 1.1.1 Pre-Place Cells | Checksum: 5020086c

Time (s): cpu = 00:00:00 ; elapsed = 00:00:00.132 . Memory (MB): peak = 926.945 ; gain = 0.000
WARNING: [Place 30-12] An IO Bus FIXED_IO_mio with more than one IO standard is found. Components associated with this bus are: 
	FIXED_IO_mio[53] of IOStandard LVCMOS18
	FIXED_IO_mio[52] of IOStandard LVCMOS18
	FIXED_IO_mio[51] of IOStandard LVCMOS18
	FIXED_IO_mio[50] of IOStandard LVCMOS18
	FIXED_IO_mio[49] of IOStandard LVCMOS18
	FIXED_IO_mio[48] of IOStandard LVCMOS18
	FIXED_IO_mio[47] of IOStandard LVCMOS18
	FIXED_IO_mio[46] of IOStandard LVCMOS18
	FIXED_IO_mio[45] of IOStandard LVCMOS18
	FIXED_IO_mio[44] of IOStandard LVCMOS18
	FIXED_IO_mio[43] of IOStandard LVCMOS18
	FIXED_IO_mio[42] of IOStandard LVCMOS18
	FIXED_IO_mio[41] of IOStandard LVCMOS18
	FIXED_IO_mio[40] of IOStandard LVCMOS18
	FIXED_IO_mio[39] of IOStandard LVCMOS18
	FIXED_IO_mio[38] of IOStandard LVCMOS18
	FIXED_IO_mio[37] of IOStandard LVCMOS18
	FIXED_IO_mio[36] of IOStandard LVCMOS18
	FIXED_IO_mio[35] of IOStandard LVCMOS18
	FIXED_IO_mio[34] of IOStandard LVCMOS18
	FIXED_IO_mio[33] of IOStandard LVCMOS18
	FIXED_IO_mio[32] of IOStandard LVCMOS18
	FIXED_IO_mio[31] of IOStandard LVCMOS18
	FIXED_IO_mio[30] of IOStandard LVCMOS18
	FIXED_IO_mio[29] of IOStandard LVCMOS18
	FIXED_IO_mio[28] of IOStandard LVCMOS18
	FIXED_IO_mio[27] of IOStandard HSTL_I_18
	FIXED_IO_mio[26] of IOStandard HSTL_I_18
	FIXED_IO_mio[25] of IOStandard HSTL_I_18
	FIXED_IO_mio[24] of IOStandard HSTL_I_18
	FIXED_IO_mio[23] of IOStandard HSTL_I_18
	FIXED_IO_mio[22] of IOStandard HSTL_I_18
	FIXED_IO_mio[21] of IOStandard HSTL_I_18
	FIXED_IO_mio[20] of IOStandard HSTL_I_18
	FIXED_IO_mio[19] of IOStandard HSTL_I_18
	FIXED_IO_mio[18] of IOStandard HSTL_I_18
	FIXED_IO_mio[17] of IOStandard HSTL_I_18
	FIXED_IO_mio[16] of IOStandard HSTL_I_18
	FIXED_IO_mio[15] of IOStandard LVCMOS33
	FIXED_IO_mio[14] of IOStandard LVCMOS33
	FIXED_IO_mio[13] of IOStandard LVCMOS33
	FIXED_IO_mio[12] of IOStandard LVCMOS33
	FIXED_IO_mio[11] of IOStandard LVCMOS33
	FIXED_IO_mio[10] of IOStandard LVCMOS33
	FIXED_IO_mio[9] of IOStandard LVCMOS33
	FIXED_IO_mio[8] of IOStandard LVCMOS33
	FIXED_IO_mio[7] of IOStandard LVCMOS33
	FIXED_IO_mio[6] of IOStandard LVCMOS33
	FIXED_IO_mio[5] of IOStandard LVCMOS33
	FIXED_IO_mio[4] of IOStandard LVCMOS33
	FIXED_IO_mio[3] of IOStandard LVCMOS33
	FIXED_IO_mio[2] of IOStandard LVCMOS33
	FIXED_IO_mio[1] of IOStandard LVCMOS33
	FIXED_IO_mio[0] of IOStandard LVCMOS33
INFO: [Timing 38-35] Done setting XDC timing constraints.

Phase 1.1.2 IO and Clk Clean Up
Phase 1.1.2 IO and Clk Clean Up | Checksum: 5020086c

Time (s): cpu = 00:00:03 ; elapsed = 00:00:03 . Memory (MB): peak = 926.945 ; gain = 0.000

Phase 1.1.3 Implementation Feasibility check On IDelay
Phase 1.1.3 Implementation Feasibility check On IDelay | Checksum: 5020086c

Time (s): cpu = 00:00:03 ; elapsed = 00:00:03 . Memory (MB): peak = 926.945 ; gain = 0.000

Phase 1.1.4 Commit IO Placement
Phase 1.1.4 Commit IO Placement | Checksum: 199f4794

Time (s): cpu = 00:00:03 ; elapsed = 00:00:03 . Memory (MB): peak = 926.945 ; gain = 0.000
Phase 1.1 IO Placement/ Clock Placement/ Build Placer Device | Checksum: c8885674

Time (s): cpu = 00:00:03 ; elapsed = 00:00:03 . Memory (MB): peak = 926.945 ; gain = 0.000

Phase 1.2 Build Placer Netlist Model

Phase 1.2.1 Place Init Design

Phase 1.2.1.1 Init Lut Pin Assignment
Phase 1.2.1.1 Init Lut Pin Assignment | Checksum: 19de3c408

Time (s): cpu = 00:00:04 ; elapsed = 00:00:04 . Memory (MB): peak = 926.945 ; gain = 0.000
Phase 1.2.1 Place Init Design | Checksum: 1f196bdb1

Time (s): cpu = 00:00:06 ; elapsed = 00:00:06 . Memory (MB): peak = 926.945 ; gain = 0.000
Phase 1.2 Build Placer Netlist Model | Checksum: 1f196bdb1

Time (s): cpu = 00:00:06 ; elapsed = 00:00:06 . Memory (MB): peak = 926.945 ; gain = 0.000

Phase 1.3 Constrain Clocks/Macros

Phase 1.3.1 Constrain Global/Regional Clocks
Phase 1.3.1 Constrain Global/Regional Clocks | Checksum: 1f196bdb1

Time (s): cpu = 00:00:06 ; elapsed = 00:00:06 . Memory (MB): peak = 926.945 ; gain = 0.000
Phase 1.3 Constrain Clocks/Macros | Checksum: 1f196bdb1

Time (s): cpu = 00:00:06 ; elapsed = 00:00:06 . Memory (MB): peak = 926.945 ; gain = 0.000
Phase 1 Placer Initialization | Checksum: 1f196bdb1

Time (s): cpu = 00:00:06 ; elapsed = 00:00:06 . Memory (MB): peak = 926.945 ; gain = 0.000

Phase 2 Global Placement
Phase 2 Global Placement | Checksum: 1a2d15f86

Time (s): cpu = 00:00:10 ; elapsed = 00:00:09 . Memory (MB): peak = 926.945 ; gain = 0.000

Phase 3 Detail Placement

Phase 3.1 Commit Multi Column Macros
Phase 3.1 Commit Multi Column Macros | Checksum: 1a2d15f86

Time (s): cpu = 00:00:10 ; elapsed = 00:00:09 . Memory (MB): peak = 926.945 ; gain = 0.000

Phase 3.2 Commit Most Macros & LUTRAMs
Phase 3.2 Commit Most Macros & LUTRAMs | Checksum: 245835feb

Time (s): cpu = 00:00:12 ; elapsed = 00:00:11 . Memory (MB): peak = 926.945 ; gain = 0.000

Phase 3.3 Area Swap Optimization
Phase 3.3 Area Swap Optimization | Checksum: 219aa645d

Time (s): cpu = 00:00:12 ; elapsed = 00:00:11 . Memory (MB): peak = 926.945 ; gain = 0.000

Phase 3.4 updateClock Trees: DP
Phase 3.4 updateClock Trees: DP | Checksum: 219aa645d

Time (s): cpu = 00:00:12 ; elapsed = 00:00:11 . Memory (MB): peak = 926.945 ; gain = 0.000

Phase 3.5 Timing Path Optimizer
Phase 3.5 Timing Path Optimizer | Checksum: 2142e9125

Time (s): cpu = 00:00:12 ; elapsed = 00:00:11 . Memory (MB): peak = 926.945 ; gain = 0.000

Phase 3.6 Fast Optimization
Phase 3.6 Fast Optimization | Checksum: 2142e9125

Time (s): cpu = 00:00:12 ; elapsed = 00:00:11 . Memory (MB): peak = 926.945 ; gain = 0.000

Phase 3.7 Small Shape Detail Placement

Phase 3.7.1 Commit Small Macros and Core Logic

Phase 3.7.1.1 Commit Slice Clusters
Phase 3.7.1.1 Commit Slice Clusters | Checksum: 12e7046f0

Time (s): cpu = 00:00:14 ; elapsed = 00:00:13 . Memory (MB): peak = 926.945 ; gain = 0.000
Phase 3.7.1 Commit Small Macros and Core Logic | Checksum: 12e7046f0

Time (s): cpu = 00:00:15 ; elapsed = 00:00:13 . Memory (MB): peak = 926.945 ; gain = 0.000

Phase 3.7.2 Clock Restriction Legalization for Leaf Columns
Phase 3.7.2 Clock Restriction Legalization for Leaf Columns | Checksum: 12e7046f0

Time (s): cpu = 00:00:15 ; elapsed = 00:00:13 . Memory (MB): peak = 926.945 ; gain = 0.000

Phase 3.7.3 Clock Restriction Legalization for Non-Clock Pins
Phase 3.7.3 Clock Restriction Legalization for Non-Clock Pins | Checksum: 12e7046f0

Time (s): cpu = 00:00:15 ; elapsed = 00:00:13 . Memory (MB): peak = 926.945 ; gain = 0.000
Phase 3.7 Small Shape Detail Placement | Checksum: 12e7046f0

Time (s): cpu = 00:00:15 ; elapsed = 00:00:14 . Memory (MB): peak = 926.945 ; gain = 0.000

Phase 3.8 Re-assign LUT pins
Phase 3.8 Re-assign LUT pins | Checksum: 15ea10ed9

Time (s): cpu = 00:00:15 ; elapsed = 00:00:14 . Memory (MB): peak = 926.945 ; gain = 0.000
Phase 3 Detail Placement | Checksum: 15ea10ed9

Time (s): cpu = 00:00:15 ; elapsed = 00:00:14 . Memory (MB): peak = 926.945 ; gain = 0.000

Phase 4 Post Placement Optimization and Clean-Up

Phase 4.1 Post Commit Optimization

Phase 4.1.1 callUpdateTimingBeforePCO
Phase 4.1.1 callUpdateTimingBeforePCO | Checksum: 1bc249196

Time (s): cpu = 00:00:17 ; elapsed = 00:00:15 . Memory (MB): peak = 926.945 ; gain = 0.000

Phase 4.1.2 updateClock Trees: PCOPT
Phase 4.1.2 updateClock Trees: PCOPT | Checksum: 1bc249196

Time (s): cpu = 00:00:17 ; elapsed = 00:00:15 . Memory (MB): peak = 926.945 ; gain = 0.000

Phase 4.1.3 Post Placement Optimization

Phase 4.1.3.1 PCOPT Shape updates

Phase 4.1.3.1.1 removeOptionalFFsFromShapes
Phase 4.1.3.1.1 removeOptionalFFsFromShapes | Checksum: 1bc249196

Time (s): cpu = 00:00:17 ; elapsed = 00:00:15 . Memory (MB): peak = 926.945 ; gain = 0.000

Phase 4.1.3.1.2 deleteLutnmShapes

Phase 4.1.3.1.2.1 deleteShapes
Phase 4.1.3.1.2.1 deleteShapes | Checksum: 1d4480036

Time (s): cpu = 00:00:17 ; elapsed = 00:00:15 . Memory (MB): peak = 926.945 ; gain = 0.000
Phase 4.1.3.1.2 deleteLutnmShapes | Checksum: 1d4480036

Time (s): cpu = 00:00:17 ; elapsed = 00:00:15 . Memory (MB): peak = 926.945 ; gain = 0.000
Phase 4.1.3.1 PCOPT Shape updates | Checksum: 1d4480036

Time (s): cpu = 00:00:17 ; elapsed = 00:00:15 . Memory (MB): peak = 926.945 ; gain = 0.000

Phase 4.1.3.2 Post Placement Timing Optimization
INFO: [Place 30-746] Post Placement Timing Summary WNS=3.621. For the most accurate timing information please run report_timing.
Phase 4.1.3.2 Post Placement Timing Optimization | Checksum: 1d74d1043

Time (s): cpu = 00:00:17 ; elapsed = 00:00:15 . Memory (MB): peak = 926.945 ; gain = 0.000
Phase 4.1.3 Post Placement Optimization | Checksum: 1d74d1043

Time (s): cpu = 00:00:17 ; elapsed = 00:00:15 . Memory (MB): peak = 926.945 ; gain = 0.000
Phase 4.1 Post Commit Optimization | Checksum: 1d74d1043

Time (s): cpu = 00:00:17 ; elapsed = 00:00:15 . Memory (MB): peak = 926.945 ; gain = 0.000

Phase 4.2 Sweep Clock Roots: Post-Placement
Phase 4.2 Sweep Clock Roots: Post-Placement | Checksum: 1d74d1043

Time (s): cpu = 00:00:17 ; elapsed = 00:00:15 . Memory (MB): peak = 926.945 ; gain = 0.000

Phase 4.3 Post Placement Cleanup
Phase 4.3 Post Placement Cleanup | Checksum: 1d74d1043

Time (s): cpu = 00:00:17 ; elapsed = 00:00:15 . Memory (MB): peak = 926.945 ; gain = 0.000

Phase 4.4 Placer Reporting

Phase 4.4.1 Restore STA
Phase 4.4.1 Restore STA | Checksum: 1d74d1043

Time (s): cpu = 00:00:17 ; elapsed = 00:00:15 . Memory (MB): peak = 926.945 ; gain = 0.000
Phase 4.4 Placer Reporting | Checksum: 1d74d1043

Time (s): cpu = 00:00:17 ; elapsed = 00:00:15 . Memory (MB): peak = 926.945 ; gain = 0.000

Phase 4.5 Final Placement Cleanup
Phase 4.5 Final Placement Cleanup | Checksum: 130e0f8c7

Time (s): cpu = 00:00:17 ; elapsed = 00:00:15 . Memory (MB): peak = 926.945 ; gain = 0.000
Phase 4 Post Placement Optimization and Clean-Up | Checksum: 130e0f8c7

Time (s): cpu = 00:00:17 ; elapsed = 00:00:15 . Memory (MB): peak = 926.945 ; gain = 0.000
Ending Placer Task | Checksum: 63902c8a

Time (s): cpu = 00:00:17 ; elapsed = 00:00:15 . Memory (MB): peak = 926.945 ; gain = 0.000
INFO: [Common 17-83] Releasing license: Implementation
34 Infos, 2 Warnings, 0 Critical Warnings and 0 Errors encountered.
place_design completed successfully
place_design: Time (s): cpu = 00:00:22 ; elapsed = 00:00:18 . Memory (MB): peak = 926.945 ; gain = 0.000
Writing placer database...
Writing XDEF routing.
Writing XDEF routing logical nets.
Writing XDEF routing special nets.
Write XDEF Complete: Time (s): cpu = 00:00:04 ; elapsed = 00:00:01 . Memory (MB): peak = 926.945 ; gain = 0.000
report_io: Time (s): cpu = 00:00:00 ; elapsed = 00:00:00.164 . Memory (MB): peak = 926.945 ; gain = 0.000
report_utilization: Time (s): cpu = 00:00:00 ; elapsed = 00:00:00.071 . Memory (MB): peak = 926.945 ; gain = 0.000
report_control_sets: Time (s): cpu = 00:00:00 ; elapsed = 00:00:00.079 . Memory (MB): peak = 926.945 ; gain = 0.000
Command: route_design
Attempting to get a license for feature 'Implementation' and/or device 'xc7z010'
INFO: [Common 17-349] Got license for feature 'Implementation' and/or device 'xc7z010'
Running DRC as a precondition to command route_design
INFO: [DRC 23-27] Running DRC with 2 threads
WARNING: [DRC 23-20] Rule violation (PLIO-7) Placement Constraints Check for IO constraints - An IO Bus FIXED_IO_mio[53:0] with more than one IO standard is found. Components associated with this bus are: LVCMOS33 (FIXED_IO_mio[15], FIXED_IO_mio[14], FIXED_IO_mio[13], FIXED_IO_mio[12], FIXED_IO_mio[11], FIXED_IO_mio[10], FIXED_IO_mio[9], FIXED_IO_mio[8], FIXED_IO_mio[7], FIXED_IO_mio[6], FIXED_IO_mio[5], FIXED_IO_mio[4], FIXED_IO_mio[3], FIXED_IO_mio[2], FIXED_IO_mio[1] (the first 15 of 16 listed)); LVCMOS18 (FIXED_IO_mio[53], FIXED_IO_mio[52], FIXED_IO_mio[51], FIXED_IO_mio[50], FIXED_IO_mio[49], FIXED_IO_mio[48], FIXED_IO_mio[47], FIXED_IO_mio[46], FIXED_IO_mio[45], FIXED_IO_mio[44], FIXED_IO_mio[43], FIXED_IO_mio[42], FIXED_IO_mio[41], FIXED_IO_mio[40], FIXED_IO_mio[39] (the first 15 of 26 listed)); HSTL_I_18 (FIXED_IO_mio[27], FIXED_IO_mio[26], FIXED_IO_mio[25], FIXED_IO_mio[24], FIXED_IO_mio[23], FIXED_IO_mio[22], FIXED_IO_mio[21], FIXED_IO_mio[20], FIXED_IO_mio[19], FIXED_IO_mio[18], FIXED_IO_mio[17], FIXED_IO_mio[16]); 
INFO: [Vivado_Tcl 4-198] DRC finished with 0 Errors, 1 Warnings
INFO: [Vivado_Tcl 4-199] Please refer to the DRC report (report_drc) for more information.


Starting Routing Task
INFO: [Route 35-254] Multithreading enabled for route_design using a maximum of 2 CPUs
Checksum: PlaceDB: 4ac49046 ConstDB: 0 ShapeSum: 18cb9c44 RouteDB: 0

Phase 1 Build RT Design
Phase 1 Build RT Design | Checksum: 12c90c7bd

Time (s): cpu = 00:00:31 ; elapsed = 00:00:29 . Memory (MB): peak = 997.785 ; gain = 70.840

Phase 2 Router Initialization

Phase 2.1 Create Timer
Phase 2.1 Create Timer | Checksum: 12c90c7bd

Time (s): cpu = 00:00:31 ; elapsed = 00:00:29 . Memory (MB): peak = 1001.637 ; gain = 74.691

Phase 2.2 Pre Route Cleanup
Phase 2.2 Pre Route Cleanup | Checksum: 12c90c7bd

Time (s): cpu = 00:00:31 ; elapsed = 00:00:29 . Memory (MB): peak = 1007.910 ; gain = 80.965
 Number of Nodes with overlaps = 0

Phase 2.3 Update Timing
Phase 2.3 Update Timing | Checksum: 15d0ad804

Time (s): cpu = 00:00:34 ; elapsed = 00:00:31 . Memory (MB): peak = 1015.203 ; gain = 88.258
INFO: [Route 35-416] Intermediate Timing Summary | WNS=3.614  | TNS=0.000  | WHS=-0.167 | THS=-56.017|

Phase 2 Router Initialization | Checksum: 1a0574ad2

Time (s): cpu = 00:00:35 ; elapsed = 00:00:32 . Memory (MB): peak = 1015.203 ; gain = 88.258

Phase 3 Initial Routing
Phase 3 Initial Routing | Checksum: 24e54c2d8

Time (s): cpu = 00:00:36 ; elapsed = 00:00:33 . Memory (MB): peak = 1015.203 ; gain = 88.258

Phase 4 Rip-up And Reroute

Phase 4.1 Global Iteration 0
 Number of Nodes with overlaps = 262
 Number of Nodes with overlaps = 2
 Number of Nodes with overlaps = 0

Phase 4.1.1 Update Timing
Phase 4.1.1 Update Timing | Checksum: eae9bd45

Time (s): cpu = 00:00:39 ; elapsed = 00:00:34 . Memory (MB): peak = 1015.203 ; gain = 88.258
INFO: [Route 35-416] Intermediate Timing Summary | WNS=3.492  | TNS=0.000  | WHS=N/A    | THS=N/A    |

Phase 4.1 Global Iteration 0 | Checksum: f5d49cd5

Time (s): cpu = 00:00:39 ; elapsed = 00:00:34 . Memory (MB): peak = 1015.203 ; gain = 88.258

Phase 4.2 Global Iteration 1
 Number of Nodes with overlaps = 0

Phase 4.2.1 Update Timing
Phase 4.2.1 Update Timing | Checksum: 1de08ba9f

Time (s): cpu = 00:00:39 ; elapsed = 00:00:35 . Memory (MB): peak = 1015.203 ; gain = 88.258
INFO: [Route 35-416] Intermediate Timing Summary | WNS=3.492  | TNS=0.000  | WHS=N/A    | THS=N/A    |

Phase 4.2 Global Iteration 1 | Checksum: 1f1624465

Time (s): cpu = 00:00:39 ; elapsed = 00:00:35 . Memory (MB): peak = 1015.203 ; gain = 88.258
Phase 4 Rip-up And Reroute | Checksum: 1f1624465

Time (s): cpu = 00:00:39 ; elapsed = 00:00:35 . Memory (MB): peak = 1015.203 ; gain = 88.258

Phase 5 Delay and Skew Optimization

Phase 5.1 Delay CleanUp

Phase 5.1.1 Update Timing
Phase 5.1.1 Update Timing | Checksum: 25796cd30

Time (s): cpu = 00:00:40 ; elapsed = 00:00:35 . Memory (MB): peak = 1015.203 ; gain = 88.258
INFO: [Route 35-416] Intermediate Timing Summary | WNS=3.492  | TNS=0.000  | WHS=N/A    | THS=N/A    |

Phase 5.1 Delay CleanUp | Checksum: 25796cd30

Time (s): cpu = 00:00:40 ; elapsed = 00:00:35 . Memory (MB): peak = 1015.203 ; gain = 88.258

Phase 5.2 Clock Skew Optimization
Phase 5.2 Clock Skew Optimization | Checksum: 25796cd30

Time (s): cpu = 00:00:40 ; elapsed = 00:00:35 . Memory (MB): peak = 1015.203 ; gain = 88.258
Phase 5 Delay and Skew Optimization | Checksum: 25796cd30

Time (s): cpu = 00:00:40 ; elapsed = 00:00:35 . Memory (MB): peak = 1015.203 ; gain = 88.258

Phase 6 Post Hold Fix

Phase 6.1 Update Timing
Phase 6.1 Update Timing | Checksum: 1a1f05cea

Time (s): cpu = 00:00:40 ; elapsed = 00:00:35 . Memory (MB): peak = 1015.203 ; gain = 88.258
INFO: [Route 35-416] Intermediate Timing Summary | WNS=3.492  | TNS=0.000  | WHS=0.038  | THS=0.000  |

Phase 6 Post Hold Fix | Checksum: 1f5efc0cd

Time (s): cpu = 00:00:40 ; elapsed = 00:00:35 . Memory (MB): peak = 1015.203 ; gain = 88.258

Phase 7 Route finalize

Router Utilization Summary
  Global Vertical Routing Utilization    = 0.858108 %
  Global Horizontal Routing Utilization  = 1.39729 %
  Routable Net Status*
  *Does not include unroutable nets such as driverless and loadless.
  Run report_route_status for detailed report.
  Number of Failed Nets               = 0
  Number of Unrouted Nets             = 0
  Number of Partially Routed Nets     = 0
  Number of Node Overlaps             = 0

Phase 7 Route finalize | Checksum: 1c92ea66e

Time (s): cpu = 00:00:40 ; elapsed = 00:00:35 . Memory (MB): peak = 1015.203 ; gain = 88.258

Phase 8 Verifying routed nets

 Verification completed successfully
Phase 8 Verifying routed nets | Checksum: 1c92ea66e

Time (s): cpu = 00:00:41 ; elapsed = 00:00:35 . Memory (MB): peak = 1015.203 ; gain = 88.258

Phase 9 Depositing Routes
Phase 9 Depositing Routes | Checksum: 1953ec103

Time (s): cpu = 00:00:41 ; elapsed = 00:00:36 . Memory (MB): peak = 1015.203 ; gain = 88.258

Phase 10 Post Router Timing
INFO: [Route 35-57] Estimated Timing Summary | WNS=3.492  | TNS=0.000  | WHS=0.038  | THS=0.000  |

INFO: [Route 35-327] The final timing numbers are based on the router estimated timing analysis. For a complete and accurate timing signoff, please run report_timing_summary.
Phase 10 Post Router Timing | Checksum: 1953ec103

Time (s): cpu = 00:00:41 ; elapsed = 00:00:36 . Memory (MB): peak = 1015.203 ; gain = 88.258
INFO: [Route 35-16] Router Completed Successfully

Time (s): cpu = 00:00:41 ; elapsed = 00:00:36 . Memory (MB): peak = 1015.203 ; gain = 88.258

Routing Is Done.
INFO: [Common 17-83] Releasing license: Implementation
48 Infos, 3 Warnings, 0 Critical Warnings and 0 Errors encountered.
route_design completed successfully
route_design: Time (s): cpu = 00:00:45 ; elapsed = 00:00:38 . Memory (MB): peak = 1015.203 ; gain = 88.258
Writing placer database...
Writing XDEF routing.
Writing XDEF routing logical nets.
Writing XDEF routing special nets.
Write XDEF Complete: Time (s): cpu = 00:00:04 ; elapsed = 00:00:02 . Memory (MB): peak = 1015.203 ; gain = 0.000
INFO: [DRC 23-27] Running DRC with 2 threads
INFO: [Coretcl 2-168] The results of DRC are in file F:/Proiecte_si_concursuri/WWS/WWS/ZYBO/zybo_vivado_proj/zybo_vivado_proj.runs/impl_1/design_hw_wrapper_drc_routed.rpt.
INFO: [Timing 38-91] UpdateTimingParams: Speed grade: -1, Delay Type: min_max.
INFO: [Timing 38-191] Multithreading enabled for timing update using a maximum of 2 CPUs
Running Vector-less Activity Propagation...

Finished Running Vector-less Activity Propagation
Attempting to get a license for feature 'Implementation' and/or device 'xc7z010'
INFO: [Common 17-349] Got license for feature 'Implementation' and/or device 'xc7z010'
Running DRC as a precondition to command write_bitstream
INFO: [DRC 23-27] Running DRC with 2 threads
WARNING: [DRC 23-20] Rule violation (BUFC-1) Input Buffer Connections - Input buffer spi_rtl_0_sck_iobuf/IBUF (in spi_rtl_0_sck_iobuf macro) has no loads. An input buffer must drive an internal load.
WARNING: [DRC 23-20] Rule violation (BUFC-1) Input Buffer Connections - Input buffer spi_rtl_0_ss_iobuf_0/IBUF (in spi_rtl_0_ss_iobuf_0 macro) has no loads. An input buffer must drive an internal load.
WARNING: [DRC 23-20] Rule violation (BUFC-1) Input Buffer Connections - Input buffer spi_rtl_sck_iobuf/IBUF (in spi_rtl_sck_iobuf macro) has no loads. An input buffer must drive an internal load.
WARNING: [DRC 23-20] Rule violation (BUFC-1) Input Buffer Connections - Input buffer spi_rtl_ss_iobuf_0/IBUF (in spi_rtl_ss_iobuf_0 macro) has no loads. An input buffer must drive an internal load.
INFO: [Vivado 12-3199] DRC finished with 0 Errors, 4 Warnings
INFO: [Vivado 12-3200] Please refer to the DRC report (report_drc) for more information.
Loading data files...
Loading site data...
Loading route data...
Processing options...
Creating bitmap...
Creating bitstream...
Writing bitstream ./design_hw_wrapper.bit...
INFO: [Vivado 12-1842] Bitgen Completed Successfully.
INFO: [Project 1-118] WebTalk data collection is enabled (User setting is ON. Install Setting is ON.).
INFO: [Common 17-83] Releasing license: Implementation
write_bitstream: Time (s): cpu = 00:00:35 ; elapsed = 00:00:38 . Memory (MB): peak = 1357.695 ; gain = 329.297
INFO: [Common 17-206] Exiting Vivado at Mon Feb 22 22:56:09 2016...
